C51 COMPILER V9.60.0.0   MAIN                                                              04/19/2022 14:43:14 PAGE 1   


C51 COMPILER V9.60.0.0, COMPILATION OF MODULE MAIN
OBJECT MODULE PLACED IN .\Objects\main.obj
COMPILER INVOKED BY: C:\Keil_v5\C51\BIN\C51.EXE main.c OPTIMIZE(8,SPEED) BROWSE DEBUG OBJECTEXTEND PRINT(.\Listings\main
                    -.lst) TABS(2) OBJECT(.\Objects\main.obj)

line level    source

   1          #include <reg51.h>
   2          #include "header.h"
   3          #include <string.h>
   4          sbit buzzer  = P3^7;
   5          sbit trigger = P2^7;
   6          sbit in1=P3^5;
   7          sbit in2=P3^6;
   8          main()
   9          {
  10   1        unsigned char master_key[5]="000";
  11   1        unsigned char temp=0;
  12   1        
  13   1      
  14   1          signed int count = 0;
  15   1          unsigned char temp1=0,ret1=0,j=0,temp2=0;
  16   1          
  17   1        //unsigned char *pt;
  18   1        char x[5]={0};
  19   1        char d[5]={0};
  20   1        char b[5]= {0};
  21   1      const unsigned char * a;
  22   1        
  23   1      
  24   1        signed char user_id;
  25   1        const unsigned char * read_pass;
  26   1        
  27   1        buzzer = 0;
  28   1        
  29   1        init_pass_write_user_one(); /* writing password to the eeprom */
  30   1        init_pass_write_user_two(); /* writing password to the eeprom */
  31   1        init_pass_write_user_three(); /* writing password to the eeprom */
  32   1        
  33   1        
  34   1        welcome_screen();                /* Calling welcome Screen function */
  35   1      
  36   1        initialize_interrupt();          /* initialize the interupts */
  37   1        
  38   1        while(1)
  39   1        { 
  40   2          
  41   2          
  42   2      
  43   2          
  44   2          user_id = taking_id();          /* selection id from user */
  45   2          
  46   2          read_pass = select_id(user_id); /* select one from three id */
  47   2          
  48   2          strcpy(x , read_pass);
  49   2          
  50   2          a = enter_password();
  51   2          
  52   2          ret1=strcmp(a,x); //COMPARE PASS
  53   2              
  54   2         if(ret1==0)
C51 COMPILER V9.60.0.0   MAIN                                                              04/19/2022 14:43:14 PAGE 2   

  55   2        {
  56   3               
  57   3              lcd_cmd(0x01);
  58   3             string_data("PASS MATCH");
  59   3              
  60   3             lcd_cmd(0xC0);
  61   3             string_data("OPEN DOOR");
  62   3              
  63   3             door_open();
  64   3          
  65   3             delay_ms(2000);
  66   3               
  67   3      
  68   3        }
  69   2             else if((ret1=strcmp(a,master_key))==0)
  70   2             {
  71   3              lcd_cmd(0x01);
  72   3              lcd_cmd(0x80);
  73   3             string_data("SET YOUR PASSWORD"); 
  74   3              //delay_ms(4000);
  75   3              lcd_cmd(0xC0);
  76   3              string_data("PRESS = KEY");
  77   3              delay_ms(400);
  78   3               while(Is_Keypressed());//waiting for sw press
  79   3               temp2=key_Val();
  80   3               
  81   3               trigger = 0;
  82   3               trigger = 1;
  83   3            
  84   3               
  85   3               }
  86   2           
  87   2          else
  88   2          {
  89   3            lcd_cmd(0x01);
  90   3            lcd_cmd(0x80);
  91   3            
  92   3          string_data("WRONG PASS");  
  93   3          lcd_cmd(0xC0);
  94   3          string_data("TRY AGAIN ");
  95   3          count++;
  96   3          lcd_data(count+48);
  97   3          buzzer = 1;
  98   3            
  99   3          door_close();
 100   3          
 101   3          buzzer = 0;
 102   3            
 103   3          password_count(count);
 104   3            
 105   3          }
 106   2                
 107   2            
 108   2             
 109   2        }
 110   1      }


MODULE INFORMATION:   STATIC OVERLAYABLE
   CODE SIZE        =    331    ----
   CONSTANT SIZE    =     93    ----
   XDATA SIZE       =   ----    ----
C51 COMPILER V9.60.0.0   MAIN                                                              04/19/2022 14:43:14 PAGE 3   

   PDATA SIZE       =   ----    ----
   DATA SIZE        =   ----      30
   IDATA SIZE       =   ----    ----
   BIT SIZE         =   ----    ----
END OF MODULE INFORMATION.


C51 COMPILATION COMPLETE.  0 WARNING(S),  0 ERROR(S)
